<?xml version="1.0" encoding="UTF-8"?>
<!-- Generated by org.testng.reporters.JUnitReportReporter -->
<testsuite hostname="DESKTOP-IDVLP9L" failures="0" tests="1" name="TestCases.TC_001_SignUp" time="99.082" errors="0" timestamp="2024-10-17T22:52:27 IST" skipped="0">
  <testcase classname="TestCases.TC_001_SignUp" name="launch" time="99.082"/>
</testsuite> <!-- TestCases.TC_001_SignUp -->
