<?xml version="1.0" encoding="UTF-8"?>
<!-- Generated by org.testng.reporters.JUnitReportReporter -->
<testsuite hostname="DESKTOP-IDVLP9L" failures="0" tests="1" name="TestCases.TC_001_Login" time="55.383" errors="0" timestamp="2024-10-13T19:09:31 IST" skipped="0">
  <testcase classname="TestCases.TC_001_Login" name="launch" time="55.383"/>
</testsuite> <!-- TestCases.TC_001_Login -->
