<?xml version="1.0" encoding="UTF-8"?>
<!-- Generated by org.testng.reporters.JUnitReportReporter -->
<testsuite hostname="DESKTOP-IDVLP9L" failures="0" tests="1" name="TestCases.TC_001_HomePage" time="41.215" errors="0" timestamp="2024-10-11T22:28:26 IST" skipped="0">
  <testcase classname="TestCases.TC_001_HomePage" name="verify_HomePage" time="41.215"/>
</testsuite> <!-- TestCases.TC_001_HomePage -->
