<?xml version="1.0" encoding="UTF-8"?>
<!-- Generated by org.testng.reporters.JUnitReportReporter -->
<testsuite hostname="DESKTOP-IDVLP9L" failures="0" tests="1" name="TestCases.Login" time="19.419" errors="0" timestamp="2024-10-05T18:13:23 IST" skipped="0">
  <testcase classname="TestCases.Login" name="launch" time="19.419"/>
</testsuite> <!-- TestCases.Login -->
